2024-07-02 16:59:35,556 [Worker-6: Loading available Gradle versions] INFO  o.e.b.c.i.u.g.PublishedGradleVersions - Gradle version information cache is up-to-date. Trying to read.
2024-07-02 17:00:02,485 [Worker-1: Importing Maven projects] INFO  o.e.m.c.i.l.LifecycleMappingFactory - Using org.eclipse.m2e.jdt.JarLifecycleMapping lifecycle mapping for MavenProject: com.excelr:SpringBoot-react-ems-backend:0.0.1-SNAPSHOT @ C:\Users\salka\OneDrive\Documents\excelr-resources\Hotel-booking-project\Hotel-booking-backend\hotel-booking\pom.xml.
2024-07-02 17:00:04,756 [Worker-1: Importing Maven projects] INFO  o.e.m.j.i.AbstractJavaProjectConfigurator - Adding source folder /hotel-booking/src/main/java
2024-07-02 17:00:04,764 [Worker-1: Importing Maven projects] INFO  o.e.m.j.i.AbstractJavaProjectConfigurator - Adding resource folder /hotel-booking/src/main/resources
2024-07-02 17:00:04,767 [Worker-1: Importing Maven projects] INFO  o.e.m.j.i.AbstractJavaProjectConfigurator - Adding resource folder /hotel-booking/src/main/resources
2024-07-02 17:00:04,771 [Worker-1: Importing Maven projects] INFO  o.e.m.j.i.AbstractJavaProjectConfigurator - Adding source folder /hotel-booking/src/test/java
2024-07-02 17:00:04,774 [Worker-1: Importing Maven projects] INFO  o.e.m.j.i.AbstractJavaProjectConfigurator - Adding resource folder /hotel-booking/src/test/resources
2024-07-02 17:00:05,412 [Worker-1: Importing Maven projects] INFO  o.e.m.c.i.p.ProjectConfigurationManager - Imported and configured 1 project(s) in 5 sec
2024-07-02 17:00:05,811 [Worker-8: Updating Maven Project] INFO  o.e.m.c.i.p.ProjectConfigurationManager - Update started
2024-07-02 17:00:06,731 [Worker-8: Updating Maven Project] INFO  o.e.m.c.i.l.LifecycleMappingFactory - Using org.eclipse.m2e.jdt.JarLifecycleMapping lifecycle mapping for MavenProject: com.excelr:SpringBoot-react-ems-backend:0.0.1-SNAPSHOT @ C:\Users\salka\OneDrive\Documents\excelr-resources\Hotel-booking-project\Hotel-booking-backend\hotel-booking\pom.xml.
2024-07-02 17:00:07,988 [Worker-8: Updating Maven Project] INFO  o.e.m.j.i.AbstractJavaProjectConfigurator - Adding source folder /hotel-booking/src/main/java
2024-07-02 17:00:07,989 [Worker-8: Updating Maven Project] INFO  o.e.m.j.i.AbstractJavaProjectConfigurator - Adding resource folder /hotel-booking/src/main/resources
2024-07-02 17:00:07,991 [Worker-8: Updating Maven Project] INFO  o.e.m.j.i.AbstractJavaProjectConfigurator - Adding resource folder /hotel-booking/src/main/resources
2024-07-02 17:00:07,993 [Worker-8: Updating Maven Project] INFO  o.e.m.j.i.AbstractJavaProjectConfigurator - Adding source folder /hotel-booking/src/test/java
2024-07-02 17:00:07,995 [Worker-8: Updating Maven Project] INFO  o.e.m.j.i.AbstractJavaProjectConfigurator - Adding resource folder /hotel-booking/src/test/resources
2024-07-02 17:00:08,658 [Worker-8: Updating Maven Project] INFO  o.e.m.c.i.p.ProjectConfigurationManager - Update completed for 1 poms: local refresh takes 0.00 sec, refresh facades takes 1.00 sec, update config takes 0.00 sec 
2024-07-02 17:00:10,572 [Worker-6: Building] INFO  o.a.m.s.f.DefaultMavenResourcesFiltering - Copying 1 resource from src\main\resources to target\classes
2024-07-02 17:00:10,606 [Worker-6: Building] INFO  o.a.m.s.f.DefaultMavenResourcesFiltering - Copying 0 resource from src\main\resources to target\classes
2024-07-02 17:00:10,614 [Worker-6: Building] INFO  o.a.m.s.f.DefaultMavenResourcesFiltering - skip non existing resourceDirectory C:\Users\salka\OneDrive\Documents\excelr-resources\Hotel-booking-project\Hotel-booking-backend\hotel-booking\src\test\resources
2024-07-02 17:05:22,486 [Worker-1: Loading available Gradle versions] INFO  o.e.b.c.i.u.g.PublishedGradleVersions - Gradle version information cache is up-to-date. Trying to read.
2024-07-02 17:05:29,006 [Worker-4: Updating Maven Dependencies] INFO  o.e.m.c.i.l.LifecycleMappingFactory - Using org.eclipse.m2e.jdt.JarLifecycleMapping lifecycle mapping for MavenProject: com.excelr:demo:0.0.1-SNAPSHOT @ C:\Users\salka\OneDrive\Documents\excelr-resources\Hotel-booking-project\Hotel-booking-backend\hotel-booking\pom.xml.
2024-07-02 17:05:29,652 [Worker-6: Building] INFO  o.e.m.c.i.l.LifecycleMappingFactory - Using org.eclipse.m2e.jdt.JarLifecycleMapping lifecycle mapping for MavenProject: com.excelr:demo:0.0.1-SNAPSHOT @ C:\Users\salka\OneDrive\Documents\excelr-resources\Hotel-booking-project\Hotel-booking-backend\hotel-booking\pom.xml.
2024-07-02 17:05:32,400 [Worker-6: Building] INFO  o.a.m.s.f.DefaultMavenResourcesFiltering - Copying 1 resource from src\main\resources to target\classes
2024-07-02 17:05:32,461 [Worker-6: Building] INFO  o.a.m.s.f.DefaultMavenResourcesFiltering - Copying 0 resource from src\main\resources to target\classes
2024-07-02 17:05:32,472 [Worker-6: Building] INFO  o.a.m.s.f.DefaultMavenResourcesFiltering - skip non existing resourceDirectory C:\Users\salka\OneDrive\Documents\excelr-resources\Hotel-booking-project\Hotel-booking-backend\hotel-booking\src\test\resources
2024-07-02 17:05:32,688 [Worker-10: Updating Maven Project] INFO  o.e.m.c.i.p.ProjectConfigurationManager - Update started
2024-07-02 17:05:33,305 [Worker-10: Updating Maven Project] INFO  o.e.m.c.i.l.LifecycleMappingFactory - Using org.eclipse.m2e.jdt.JarLifecycleMapping lifecycle mapping for MavenProject: com.excelr:demo:0.0.1-SNAPSHOT @ C:\Users\salka\OneDrive\Documents\excelr-resources\Hotel-booking-project\Hotel-booking-backend\hotel-booking\pom.xml.
2024-07-02 17:05:34,707 [Worker-10: Updating Maven Project] INFO  o.e.m.j.i.AbstractJavaProjectConfigurator - Adding source folder /hotel-booking/src/main/java
2024-07-02 17:05:34,717 [Worker-10: Updating Maven Project] INFO  o.e.m.j.i.AbstractJavaProjectConfigurator - Adding resource folder /hotel-booking/src/main/resources
2024-07-02 17:05:34,719 [Worker-10: Updating Maven Project] INFO  o.e.m.j.i.AbstractJavaProjectConfigurator - Adding resource folder /hotel-booking/src/main/resources
2024-07-02 17:05:34,724 [Worker-10: Updating Maven Project] INFO  o.e.m.j.i.AbstractJavaProjectConfigurator - Adding source folder /hotel-booking/src/test/java
2024-07-02 17:05:34,727 [Worker-10: Updating Maven Project] INFO  o.e.m.j.i.AbstractJavaProjectConfigurator - Adding resource folder /hotel-booking/src/test/resources
2024-07-02 17:05:35,369 [Worker-10: Updating Maven Project] INFO  o.e.m.c.i.p.ProjectConfigurationManager - Update completed for 1 poms: local refresh takes 0.00 sec, refresh facades takes 1.00 sec, update config takes 0.00 sec 
2024-07-02 17:05:36,383 [Worker-2: Building] INFO  o.a.m.s.f.DefaultMavenResourcesFiltering - Copying 1 resource from src\main\resources to target\classes
2024-07-02 17:05:36,407 [Worker-2: Building] INFO  o.a.m.s.f.DefaultMavenResourcesFiltering - Copying 0 resource from src\main\resources to target\classes
2024-07-02 17:05:36,416 [Worker-2: Building] INFO  o.a.m.s.f.DefaultMavenResourcesFiltering - skip non existing resourceDirectory C:\Users\salka\OneDrive\Documents\excelr-resources\Hotel-booking-project\Hotel-booking-backend\hotel-booking\src\test\resources
2024-07-02 17:05:37,051 [Worker-3: Updating Maven Dependencies] INFO  o.e.m.c.i.l.LifecycleMappingFactory - Using org.eclipse.m2e.jdt.JarLifecycleMapping lifecycle mapping for MavenProject: com.excelr:demo:0.0.1-SNAPSHOT @ C:\Users\salka\OneDrive\Documents\excelr-resources\Hotel-booking-project\Hotel-booking-backend\hotel-booking\pom.xml.
2024-07-02 23:22:19,708 [Worker-2: Loading available Gradle versions] INFO  o.e.b.c.i.u.g.PublishedGradleVersions - Gradle version information cache is up-to-date. Trying to read.
2024-07-02 23:32:33,552 [Worker-20: Building] INFO  o.a.m.s.f.DefaultMavenResourcesFiltering - Copying 1 resource from src\main\resources to target\classes
2024-07-02 23:32:33,578 [Worker-20: Building] INFO  o.a.m.s.f.DefaultMavenResourcesFiltering - Copying 0 resource from src\main\resources to target\classes
2024-07-02 23:32:33,585 [Worker-20: Building] INFO  o.a.m.s.f.DefaultMavenResourcesFiltering - skip non existing resourceDirectory C:\Users\salka\OneDrive\Documents\excelr-resources\Hotel-booking-project\Hotel-booking-backend\hotel-booking\src\test\resources
2024-07-02 23:33:00,142 [Worker-21: Building] INFO  o.a.m.s.f.DefaultMavenResourcesFiltering - Copying 1 resource from src\main\resources to target\classes
2024-07-02 23:33:00,157 [Worker-21: Building] INFO  o.a.m.s.f.DefaultMavenResourcesFiltering - Copying 0 resource from src\main\resources to target\classes
2024-07-02 23:33:00,166 [Worker-21: Building] INFO  o.a.m.s.f.DefaultMavenResourcesFiltering - skip non existing resourceDirectory C:\Users\salka\OneDrive\Documents\excelr-resources\Hotel-booking-project\Hotel-booking-backend\hotel-booking\src\test\resources
2024-07-02 23:33:27,168 [Worker-21: Building] INFO  o.a.m.s.f.DefaultMavenResourcesFiltering - Copying 1 resource from src\main\resources to target\classes
2024-07-02 23:33:27,178 [Worker-21: Building] INFO  o.a.m.s.f.DefaultMavenResourcesFiltering - Copying 0 resource from src\main\resources to target\classes
2024-07-02 23:33:27,182 [Worker-21: Building] INFO  o.a.m.s.f.DefaultMavenResourcesFiltering - skip non existing resourceDirectory C:\Users\salka\OneDrive\Documents\excelr-resources\Hotel-booking-project\Hotel-booking-backend\hotel-booking\src\test\resources
2024-07-02 23:34:21,037 [Worker-21: Building] INFO  o.a.m.s.f.DefaultMavenResourcesFiltering - Copying 1 resource from src\main\resources to target\classes
2024-07-02 23:34:21,049 [Worker-21: Building] INFO  o.a.m.s.f.DefaultMavenResourcesFiltering - Copying 0 resource from src\main\resources to target\classes
2024-07-02 23:34:21,054 [Worker-21: Building] INFO  o.a.m.s.f.DefaultMavenResourcesFiltering - skip non existing resourceDirectory C:\Users\salka\OneDrive\Documents\excelr-resources\Hotel-booking-project\Hotel-booking-backend\hotel-booking\src\test\resources
2024-07-02 23:34:35,745 [Worker-21: Building] INFO  o.a.m.s.f.DefaultMavenResourcesFiltering - Copying 1 resource from src\main\resources to target\classes
2024-07-02 23:34:35,755 [Worker-21: Building] INFO  o.a.m.s.f.DefaultMavenResourcesFiltering - Copying 0 resource from src\main\resources to target\classes
2024-07-02 23:34:35,761 [Worker-21: Building] INFO  o.a.m.s.f.DefaultMavenResourcesFiltering - skip non existing resourceDirectory C:\Users\salka\OneDrive\Documents\excelr-resources\Hotel-booking-project\Hotel-booking-backend\hotel-booking\src\test\resources
2024-07-02 23:35:00,777 [Worker-21: Building] INFO  o.a.m.s.f.DefaultMavenResourcesFiltering - Copying 1 resource from src\main\resources to target\classes
2024-07-02 23:35:00,788 [Worker-21: Building] INFO  o.a.m.s.f.DefaultMavenResourcesFiltering - Copying 0 resource from src\main\resources to target\classes
2024-07-02 23:35:00,793 [Worker-21: Building] INFO  o.a.m.s.f.DefaultMavenResourcesFiltering - skip non existing resourceDirectory C:\Users\salka\OneDrive\Documents\excelr-resources\Hotel-booking-project\Hotel-booking-backend\hotel-booking\src\test\resources
2024-07-02 23:35:48,347 [Worker-23: Building] INFO  o.a.m.s.f.DefaultMavenResourcesFiltering - Copying 1 resource from src\main\resources to target\classes
2024-07-02 23:35:48,358 [Worker-23: Building] INFO  o.a.m.s.f.DefaultMavenResourcesFiltering - Copying 0 resource from src\main\resources to target\classes
2024-07-02 23:35:48,363 [Worker-23: Building] INFO  o.a.m.s.f.DefaultMavenResourcesFiltering - skip non existing resourceDirectory C:\Users\salka\OneDrive\Documents\excelr-resources\Hotel-booking-project\Hotel-booking-backend\hotel-booking\src\test\resources
2024-07-02 23:36:09,403 [Worker-20: Building] INFO  o.a.m.s.f.DefaultMavenResourcesFiltering - Copying 1 resource from src\main\resources to target\classes
2024-07-02 23:36:09,415 [Worker-20: Building] INFO  o.a.m.s.f.DefaultMavenResourcesFiltering - Copying 0 resource from src\main\resources to target\classes
2024-07-02 23:36:09,424 [Worker-20: Building] INFO  o.a.m.s.f.DefaultMavenResourcesFiltering - skip non existing resourceDirectory C:\Users\salka\OneDrive\Documents\excelr-resources\Hotel-booking-project\Hotel-booking-backend\hotel-booking\src\test\resources
2024-07-03 12:48:33,459 [Worker-2: Loading available Gradle versions] INFO  o.e.b.c.i.u.g.PublishedGradleVersions - Gradle version information cache is up-to-date. Trying to read.
2024-07-03 13:03:22,259 [Worker-5: Building] INFO  o.a.m.s.f.DefaultMavenResourcesFiltering - Copying 1 resource from src\main\resources to target\classes
2024-07-03 13:03:22,310 [Worker-5: Building] INFO  o.a.m.s.f.DefaultMavenResourcesFiltering - Copying 0 resource from src\main\resources to target\classes
2024-07-03 13:03:22,325 [Worker-5: Building] INFO  o.a.m.s.f.DefaultMavenResourcesFiltering - skip non existing resourceDirectory C:\Users\salka\OneDrive\Documents\excelr-resources\Hotel-booking-project\Hotel-booking-backend\hotel-booking\src\test\resources
2024-07-03 13:03:26,891 [Worker-5: Building] INFO  o.a.m.s.f.DefaultMavenResourcesFiltering - Copying 1 resource from src\main\resources to target\classes
2024-07-03 13:03:26,898 [Worker-5: Building] INFO  o.a.m.s.f.DefaultMavenResourcesFiltering - Copying 0 resource from src\main\resources to target\classes
2024-07-03 13:03:26,903 [Worker-5: Building] INFO  o.a.m.s.f.DefaultMavenResourcesFiltering - skip non existing resourceDirectory C:\Users\salka\OneDrive\Documents\excelr-resources\Hotel-booking-project\Hotel-booking-backend\hotel-booking\src\test\resources
2024-07-03 13:12:17,768 [Worker-23: Building] INFO  o.a.m.s.f.DefaultMavenResourcesFiltering - Copying 1 resource from src\main\resources to target\classes
2024-07-03 13:12:17,786 [Worker-23: Building] INFO  o.a.m.s.f.DefaultMavenResourcesFiltering - Copying 0 resource from src\main\resources to target\classes
2024-07-03 13:12:17,790 [Worker-23: Building] INFO  o.a.m.s.f.DefaultMavenResourcesFiltering - skip non existing resourceDirectory C:\Users\salka\OneDrive\Documents\excelr-resources\Hotel-booking-project\Hotel-booking-backend\hotel-booking\src\test\resources
2024-07-03 13:14:04,284 [Worker-19: Building] INFO  o.a.m.s.f.DefaultMavenResourcesFiltering - Copying 1 resource from src\main\resources to target\classes
2024-07-03 13:14:04,291 [Worker-19: Building] INFO  o.a.m.s.f.DefaultMavenResourcesFiltering - Copying 0 resource from src\main\resources to target\classes
2024-07-03 13:14:04,294 [Worker-19: Building] INFO  o.a.m.s.f.DefaultMavenResourcesFiltering - skip non existing resourceDirectory C:\Users\salka\OneDrive\Documents\excelr-resources\Hotel-booking-project\Hotel-booking-backend\hotel-booking\src\test\resources
2024-07-03 13:14:45,498 [Worker-25: Building] INFO  o.a.m.s.f.DefaultMavenResourcesFiltering - Copying 1 resource from src\main\resources to target\classes
2024-07-03 13:14:45,504 [Worker-25: Building] INFO  o.a.m.s.f.DefaultMavenResourcesFiltering - Copying 0 resource from src\main\resources to target\classes
2024-07-03 13:14:45,507 [Worker-25: Building] INFO  o.a.m.s.f.DefaultMavenResourcesFiltering - skip non existing resourceDirectory C:\Users\salka\OneDrive\Documents\excelr-resources\Hotel-booking-project\Hotel-booking-backend\hotel-booking\src\test\resources
2024-07-03 13:20:53,484 [Worker-26: Building] INFO  o.a.m.s.f.DefaultMavenResourcesFiltering - Copying 1 resource from src\main\resources to target\classes
2024-07-03 13:20:53,496 [Worker-26: Building] INFO  o.a.m.s.f.DefaultMavenResourcesFiltering - Copying 0 resource from src\main\resources to target\classes
2024-07-03 13:20:53,500 [Worker-26: Building] INFO  o.a.m.s.f.DefaultMavenResourcesFiltering - skip non existing resourceDirectory C:\Users\salka\OneDrive\Documents\excelr-resources\Hotel-booking-project\Hotel-booking-backend\hotel-booking\src\test\resources
2024-07-03 13:29:47,653 [Worker-32: Building] INFO  o.a.m.s.f.DefaultMavenResourcesFiltering - Copying 1 resource from src\main\resources to target\classes
2024-07-03 13:29:47,659 [Worker-32: Building] INFO  o.a.m.s.f.DefaultMavenResourcesFiltering - Copying 0 resource from src\main\resources to target\classes
2024-07-03 13:29:47,663 [Worker-32: Building] INFO  o.a.m.s.f.DefaultMavenResourcesFiltering - skip non existing resourceDirectory C:\Users\salka\OneDrive\Documents\excelr-resources\Hotel-booking-project\Hotel-booking-backend\hotel-booking\src\test\resources
2024-07-03 13:31:03,971 [Worker-32: Building] INFO  o.a.m.s.f.DefaultMavenResourcesFiltering - Copying 1 resource from src\main\resources to target\classes
2024-07-03 13:31:03,977 [Worker-32: Building] INFO  o.a.m.s.f.DefaultMavenResourcesFiltering - Copying 0 resource from src\main\resources to target\classes
2024-07-03 13:31:03,981 [Worker-32: Building] INFO  o.a.m.s.f.DefaultMavenResourcesFiltering - skip non existing resourceDirectory C:\Users\salka\OneDrive\Documents\excelr-resources\Hotel-booking-project\Hotel-booking-backend\hotel-booking\src\test\resources
2024-07-03 13:31:32,951 [Worker-28: Building] INFO  o.a.m.s.f.DefaultMavenResourcesFiltering - Copying 1 resource from src\main\resources to target\classes
2024-07-03 13:31:32,957 [Worker-28: Building] INFO  o.a.m.s.f.DefaultMavenResourcesFiltering - Copying 0 resource from src\main\resources to target\classes
2024-07-03 13:31:32,960 [Worker-28: Building] INFO  o.a.m.s.f.DefaultMavenResourcesFiltering - skip non existing resourceDirectory C:\Users\salka\OneDrive\Documents\excelr-resources\Hotel-booking-project\Hotel-booking-backend\hotel-booking\src\test\resources
2024-07-03 13:32:15,733 [Worker-32: Building] INFO  o.a.m.s.f.DefaultMavenResourcesFiltering - Copying 1 resource from src\main\resources to target\classes
2024-07-03 13:32:15,739 [Worker-32: Building] INFO  o.a.m.s.f.DefaultMavenResourcesFiltering - Copying 0 resource from src\main\resources to target\classes
2024-07-03 13:32:15,742 [Worker-32: Building] INFO  o.a.m.s.f.DefaultMavenResourcesFiltering - skip non existing resourceDirectory C:\Users\salka\OneDrive\Documents\excelr-resources\Hotel-booking-project\Hotel-booking-backend\hotel-booking\src\test\resources
2024-07-03 13:32:38,485 [Worker-35: Building] INFO  o.a.m.s.f.DefaultMavenResourcesFiltering - Copying 1 resource from src\main\resources to target\classes
2024-07-03 13:32:38,490 [Worker-35: Building] INFO  o.a.m.s.f.DefaultMavenResourcesFiltering - Copying 0 resource from src\main\resources to target\classes
2024-07-03 13:32:38,493 [Worker-35: Building] INFO  o.a.m.s.f.DefaultMavenResourcesFiltering - skip non existing resourceDirectory C:\Users\salka\OneDrive\Documents\excelr-resources\Hotel-booking-project\Hotel-booking-backend\hotel-booking\src\test\resources
2024-07-03 13:55:14,706 [Worker-38: Building] INFO  o.a.m.s.f.DefaultMavenResourcesFiltering - Copying 1 resource from src\main\resources to target\classes
2024-07-03 13:55:14,714 [Worker-38: Building] INFO  o.a.m.s.f.DefaultMavenResourcesFiltering - Copying 0 resource from src\main\resources to target\classes
2024-07-03 13:55:14,717 [Worker-38: Building] INFO  o.a.m.s.f.DefaultMavenResourcesFiltering - skip non existing resourceDirectory C:\Users\salka\OneDrive\Documents\excelr-resources\Hotel-booking-project\Hotel-booking-backend\hotel-booking\src\test\resources
2024-07-03 13:56:05,133 [Worker-38: Building] INFO  o.a.m.s.f.DefaultMavenResourcesFiltering - Copying 1 resource from src\main\resources to target\classes
2024-07-03 13:56:05,138 [Worker-38: Building] INFO  o.a.m.s.f.DefaultMavenResourcesFiltering - Copying 0 resource from src\main\resources to target\classes
2024-07-03 13:56:05,140 [Worker-38: Building] INFO  o.a.m.s.f.DefaultMavenResourcesFiltering - skip non existing resourceDirectory C:\Users\salka\OneDrive\Documents\excelr-resources\Hotel-booking-project\Hotel-booking-backend\hotel-booking\src\test\resources
2024-07-03 14:00:51,760 [Worker-42: Building] INFO  o.a.m.s.f.DefaultMavenResourcesFiltering - Copying 1 resource from src\main\resources to target\classes
2024-07-03 14:00:51,766 [Worker-42: Building] INFO  o.a.m.s.f.DefaultMavenResourcesFiltering - Copying 0 resource from src\main\resources to target\classes
2024-07-03 14:00:51,770 [Worker-42: Building] INFO  o.a.m.s.f.DefaultMavenResourcesFiltering - skip non existing resourceDirectory C:\Users\salka\OneDrive\Documents\excelr-resources\Hotel-booking-project\Hotel-booking-backend\hotel-booking\src\test\resources
2024-07-03 14:02:02,769 [Worker-41: Building] INFO  o.a.m.s.f.DefaultMavenResourcesFiltering - Copying 1 resource from src\main\resources to target\classes
2024-07-03 14:02:02,777 [Worker-41: Building] INFO  o.a.m.s.f.DefaultMavenResourcesFiltering - Copying 0 resource from src\main\resources to target\classes
2024-07-03 14:02:02,783 [Worker-41: Building] INFO  o.a.m.s.f.DefaultMavenResourcesFiltering - skip non existing resourceDirectory C:\Users\salka\OneDrive\Documents\excelr-resources\Hotel-booking-project\Hotel-booking-backend\hotel-booking\src\test\resources
2024-07-03 14:03:01,704 [Worker-41: Building] INFO  o.a.m.s.f.DefaultMavenResourcesFiltering - Copying 1 resource from src\main\resources to target\classes
2024-07-03 14:03:01,709 [Worker-41: Building] INFO  o.a.m.s.f.DefaultMavenResourcesFiltering - Copying 0 resource from src\main\resources to target\classes
2024-07-03 14:03:01,713 [Worker-41: Building] INFO  o.a.m.s.f.DefaultMavenResourcesFiltering - skip non existing resourceDirectory C:\Users\salka\OneDrive\Documents\excelr-resources\Hotel-booking-project\Hotel-booking-backend\hotel-booking\src\test\resources
2024-07-03 14:03:17,190 [Worker-46: Building] INFO  o.a.m.s.f.DefaultMavenResourcesFiltering - Copying 1 resource from src\main\resources to target\classes
2024-07-03 14:03:17,222 [Worker-46: Building] INFO  o.a.m.s.f.DefaultMavenResourcesFiltering - Copying 0 resource from src\main\resources to target\classes
2024-07-03 14:03:17,243 [Worker-46: Building] INFO  o.a.m.s.f.DefaultMavenResourcesFiltering - skip non existing resourceDirectory C:\Users\salka\OneDrive\Documents\excelr-resources\Hotel-booking-project\Hotel-booking-backend\hotel-booking\src\test\resources
2024-07-03 14:03:34,203 [Worker-41: Building] INFO  o.a.m.s.f.DefaultMavenResourcesFiltering - Copying 1 resource from src\main\resources to target\classes
2024-07-03 14:03:34,209 [Worker-41: Building] INFO  o.a.m.s.f.DefaultMavenResourcesFiltering - Copying 0 resource from src\main\resources to target\classes
2024-07-03 14:03:34,211 [Worker-41: Building] INFO  o.a.m.s.f.DefaultMavenResourcesFiltering - skip non existing resourceDirectory C:\Users\salka\OneDrive\Documents\excelr-resources\Hotel-booking-project\Hotel-booking-backend\hotel-booking\src\test\resources
2024-07-03 14:03:40,360 [Worker-41: Building] INFO  o.a.m.s.f.DefaultMavenResourcesFiltering - Copying 1 resource from src\main\resources to target\classes
2024-07-03 14:03:40,366 [Worker-41: Building] INFO  o.a.m.s.f.DefaultMavenResourcesFiltering - Copying 0 resource from src\main\resources to target\classes
2024-07-03 14:03:40,369 [Worker-41: Building] INFO  o.a.m.s.f.DefaultMavenResourcesFiltering - skip non existing resourceDirectory C:\Users\salka\OneDrive\Documents\excelr-resources\Hotel-booking-project\Hotel-booking-backend\hotel-booking\src\test\resources
2024-07-03 14:04:50,131 [Worker-47: Building] INFO  o.a.m.s.f.DefaultMavenResourcesFiltering - Copying 1 resource from src\main\resources to target\classes
2024-07-03 14:04:50,137 [Worker-47: Building] INFO  o.a.m.s.f.DefaultMavenResourcesFiltering - Copying 0 resource from src\main\resources to target\classes
2024-07-03 14:04:50,140 [Worker-47: Building] INFO  o.a.m.s.f.DefaultMavenResourcesFiltering - skip non existing resourceDirectory C:\Users\salka\OneDrive\Documents\excelr-resources\Hotel-booking-project\Hotel-booking-backend\hotel-booking\src\test\resources
2024-07-03 14:05:24,739 [Worker-45: Building] INFO  o.a.m.s.f.DefaultMavenResourcesFiltering - Copying 1 resource from src\main\resources to target\classes
2024-07-03 14:05:24,745 [Worker-45: Building] INFO  o.a.m.s.f.DefaultMavenResourcesFiltering - Copying 0 resource from src\main\resources to target\classes
2024-07-03 14:05:24,748 [Worker-45: Building] INFO  o.a.m.s.f.DefaultMavenResourcesFiltering - skip non existing resourceDirectory C:\Users\salka\OneDrive\Documents\excelr-resources\Hotel-booking-project\Hotel-booking-backend\hotel-booking\src\test\resources
2024-07-03 14:07:29,344 [Worker-48: Building] INFO  o.a.m.s.f.DefaultMavenResourcesFiltering - Copying 1 resource from src\main\resources to target\classes
2024-07-03 14:07:29,357 [Worker-48: Building] INFO  o.a.m.s.f.DefaultMavenResourcesFiltering - Copying 0 resource from src\main\resources to target\classes
2024-07-03 14:07:29,360 [Worker-48: Building] INFO  o.a.m.s.f.DefaultMavenResourcesFiltering - skip non existing resourceDirectory C:\Users\salka\OneDrive\Documents\excelr-resources\Hotel-booking-project\Hotel-booking-backend\hotel-booking\src\test\resources
2024-07-03 14:07:52,950 [Worker-46: Building] INFO  o.a.m.s.f.DefaultMavenResourcesFiltering - Copying 1 resource from src\main\resources to target\classes
2024-07-03 14:07:52,959 [Worker-46: Building] INFO  o.a.m.s.f.DefaultMavenResourcesFiltering - Copying 0 resource from src\main\resources to target\classes
2024-07-03 14:07:52,964 [Worker-46: Building] INFO  o.a.m.s.f.DefaultMavenResourcesFiltering - skip non existing resourceDirectory C:\Users\salka\OneDrive\Documents\excelr-resources\Hotel-booking-project\Hotel-booking-backend\hotel-booking\src\test\resources
2024-07-03 14:09:03,869 [Worker-47: Building] INFO  o.a.m.s.f.DefaultMavenResourcesFiltering - Copying 1 resource from src\main\resources to target\classes
2024-07-03 14:09:03,874 [Worker-47: Building] INFO  o.a.m.s.f.DefaultMavenResourcesFiltering - Copying 0 resource from src\main\resources to target\classes
2024-07-03 14:09:03,877 [Worker-47: Building] INFO  o.a.m.s.f.DefaultMavenResourcesFiltering - skip non existing resourceDirectory C:\Users\salka\OneDrive\Documents\excelr-resources\Hotel-booking-project\Hotel-booking-backend\hotel-booking\src\test\resources
2024-07-03 14:52:04,132 [Worker-53: Building] INFO  o.a.m.s.f.DefaultMavenResourcesFiltering - Copying 1 resource from src\main\resources to target\classes
2024-07-03 14:52:04,151 [Worker-53: Building] INFO  o.a.m.s.f.DefaultMavenResourcesFiltering - Copying 0 resource from src\main\resources to target\classes
2024-07-03 14:52:04,156 [Worker-53: Building] INFO  o.a.m.s.f.DefaultMavenResourcesFiltering - skip non existing resourceDirectory C:\Users\salka\OneDrive\Documents\excelr-resources\Hotel-booking-project\Hotel-booking-backend\hotel-booking\src\test\resources
2024-07-03 14:52:17,084 [Worker-51: Building] INFO  o.a.m.s.f.DefaultMavenResourcesFiltering - Copying 1 resource from src\main\resources to target\classes
2024-07-03 14:52:17,095 [Worker-51: Building] INFO  o.a.m.s.f.DefaultMavenResourcesFiltering - Copying 0 resource from src\main\resources to target\classes
2024-07-03 14:52:17,100 [Worker-51: Building] INFO  o.a.m.s.f.DefaultMavenResourcesFiltering - skip non existing resourceDirectory C:\Users\salka\OneDrive\Documents\excelr-resources\Hotel-booking-project\Hotel-booking-backend\hotel-booking\src\test\resources
2024-07-03 19:50:01,015 [Worker-1: Loading available Gradle versions] INFO  o.e.b.c.i.u.g.PublishedGradleVersions - Gradle version information cache is out-of-date. Trying to update.
2024-07-04 14:13:27,020 [Worker-1: Loading available Gradle versions] INFO  o.e.b.c.i.u.g.PublishedGradleVersions - Gradle version information cache is up-to-date. Trying to read.
2024-07-04 14:24:22,353 [Worker-7: Building] INFO  o.a.m.s.f.DefaultMavenResourcesFiltering - Copying 1 resource from src\main\resources to target\classes
2024-07-04 14:24:22,391 [Worker-7: Building] INFO  o.a.m.s.f.DefaultMavenResourcesFiltering - Copying 0 resource from src\main\resources to target\classes
2024-07-04 14:24:22,397 [Worker-7: Building] INFO  o.a.m.s.f.DefaultMavenResourcesFiltering - skip non existing resourceDirectory C:\Users\salka\OneDrive\Documents\excelr-resources\Hotel-booking-project\Hotel-booking-backend\hotel-booking\src\test\resources
2024-07-04 14:33:17,531 [Worker-21: Building] INFO  o.a.m.s.f.DefaultMavenResourcesFiltering - Copying 1 resource from src\main\resources to target\classes
2024-07-04 14:33:17,575 [Worker-21: Building] INFO  o.a.m.s.f.DefaultMavenResourcesFiltering - Copying 0 resource from src\main\resources to target\classes
2024-07-04 14:33:17,590 [Worker-21: Building] INFO  o.a.m.s.f.DefaultMavenResourcesFiltering - skip non existing resourceDirectory C:\Users\salka\OneDrive\Documents\excelr-resources\Hotel-booking-project\Hotel-booking-backend\hotel-booking\src\test\resources
2024-07-04 18:01:24,420 [Worker-4: Loading available Gradle versions] INFO  o.e.b.c.i.u.g.PublishedGradleVersions - Gradle version information cache is up-to-date. Trying to read.
2024-07-04 18:09:51,923 [Worker-4: Building] INFO  o.a.m.s.f.DefaultMavenResourcesFiltering - Copying 1 resource from src\main\resources to target\classes
2024-07-04 18:09:51,955 [Worker-4: Building] INFO  o.a.m.s.f.DefaultMavenResourcesFiltering - Copying 0 resource from src\main\resources to target\classes
2024-07-04 18:09:51,962 [Worker-4: Building] INFO  o.a.m.s.f.DefaultMavenResourcesFiltering - skip non existing resourceDirectory C:\Users\salka\OneDrive\Documents\excelr-resources\Hotel-booking-project\Hotel-booking-backend\hotel-booking\src\test\resources
2024-07-04 18:11:07,802 [Worker-21: Building] INFO  o.a.m.s.f.DefaultMavenResourcesFiltering - Copying 1 resource from src\main\resources to target\classes
2024-07-04 18:11:07,810 [Worker-21: Building] INFO  o.a.m.s.f.DefaultMavenResourcesFiltering - Copying 0 resource from src\main\resources to target\classes
2024-07-04 18:11:07,815 [Worker-21: Building] INFO  o.a.m.s.f.DefaultMavenResourcesFiltering - skip non existing resourceDirectory C:\Users\salka\OneDrive\Documents\excelr-resources\Hotel-booking-project\Hotel-booking-backend\hotel-booking\src\test\resources
2024-07-04 18:12:18,369 [Worker-18: Building] INFO  o.a.m.s.f.DefaultMavenResourcesFiltering - Copying 1 resource from src\main\resources to target\classes
2024-07-04 18:12:18,376 [Worker-18: Building] INFO  o.a.m.s.f.DefaultMavenResourcesFiltering - Copying 0 resource from src\main\resources to target\classes
2024-07-04 18:12:18,379 [Worker-18: Building] INFO  o.a.m.s.f.DefaultMavenResourcesFiltering - skip non existing resourceDirectory C:\Users\salka\OneDrive\Documents\excelr-resources\Hotel-booking-project\Hotel-booking-backend\hotel-booking\src\test\resources
2024-07-04 18:19:25,918 [Worker-24: Building] INFO  o.a.m.s.f.DefaultMavenResourcesFiltering - Copying 1 resource from src\main\resources to target\classes
2024-07-04 18:19:25,925 [Worker-24: Building] INFO  o.a.m.s.f.DefaultMavenResourcesFiltering - Copying 0 resource from src\main\resources to target\classes
2024-07-04 18:19:25,928 [Worker-24: Building] INFO  o.a.m.s.f.DefaultMavenResourcesFiltering - skip non existing resourceDirectory C:\Users\salka\OneDrive\Documents\excelr-resources\Hotel-booking-project\Hotel-booking-backend\hotel-booking\src\test\resources
2024-07-04 18:21:54,731 [Worker-18: Building] INFO  o.a.m.s.f.DefaultMavenResourcesFiltering - Copying 1 resource from src\main\resources to target\classes
2024-07-04 18:21:54,736 [Worker-18: Building] INFO  o.a.m.s.f.DefaultMavenResourcesFiltering - Copying 0 resource from src\main\resources to target\classes
2024-07-04 18:21:54,739 [Worker-18: Building] INFO  o.a.m.s.f.DefaultMavenResourcesFiltering - skip non existing resourceDirectory C:\Users\salka\OneDrive\Documents\excelr-resources\Hotel-booking-project\Hotel-booking-backend\hotel-booking\src\test\resources
2024-07-04 18:24:50,473 [Worker-18: Building] INFO  o.a.m.s.f.DefaultMavenResourcesFiltering - Copying 1 resource from src\main\resources to target\classes
2024-07-04 18:24:50,479 [Worker-18: Building] INFO  o.a.m.s.f.DefaultMavenResourcesFiltering - Copying 0 resource from src\main\resources to target\classes
2024-07-04 18:24:50,482 [Worker-18: Building] INFO  o.a.m.s.f.DefaultMavenResourcesFiltering - skip non existing resourceDirectory C:\Users\salka\OneDrive\Documents\excelr-resources\Hotel-booking-project\Hotel-booking-backend\hotel-booking\src\test\resources
2024-07-04 18:26:07,371 [Worker-29: Building] INFO  o.a.m.s.f.DefaultMavenResourcesFiltering - Copying 1 resource from src\main\resources to target\classes
2024-07-04 18:26:07,381 [Worker-29: Building] INFO  o.a.m.s.f.DefaultMavenResourcesFiltering - Copying 0 resource from src\main\resources to target\classes
2024-07-04 18:26:07,387 [Worker-29: Building] INFO  o.a.m.s.f.DefaultMavenResourcesFiltering - skip non existing resourceDirectory C:\Users\salka\OneDrive\Documents\excelr-resources\Hotel-booking-project\Hotel-booking-backend\hotel-booking\src\test\resources
2024-07-04 18:26:23,871 [Worker-31: Building] INFO  o.a.m.s.f.DefaultMavenResourcesFiltering - Copying 1 resource from src\main\resources to target\classes
2024-07-04 18:26:23,877 [Worker-31: Building] INFO  o.a.m.s.f.DefaultMavenResourcesFiltering - Copying 0 resource from src\main\resources to target\classes
2024-07-04 18:26:23,881 [Worker-31: Building] INFO  o.a.m.s.f.DefaultMavenResourcesFiltering - skip non existing resourceDirectory C:\Users\salka\OneDrive\Documents\excelr-resources\Hotel-booking-project\Hotel-booking-backend\hotel-booking\src\test\resources
2024-07-04 18:30:33,653 [Worker-34: Building] INFO  o.a.m.s.f.DefaultMavenResourcesFiltering - Copying 1 resource from src\main\resources to target\classes
2024-07-04 18:30:33,660 [Worker-34: Building] INFO  o.a.m.s.f.DefaultMavenResourcesFiltering - Copying 0 resource from src\main\resources to target\classes
2024-07-04 18:30:33,663 [Worker-34: Building] INFO  o.a.m.s.f.DefaultMavenResourcesFiltering - skip non existing resourceDirectory C:\Users\salka\OneDrive\Documents\excelr-resources\Hotel-booking-project\Hotel-booking-backend\hotel-booking\src\test\resources
2024-07-04 18:31:05,486 [Worker-29: Building] INFO  o.a.m.s.f.DefaultMavenResourcesFiltering - Copying 1 resource from src\main\resources to target\classes
2024-07-04 18:31:05,491 [Worker-29: Building] INFO  o.a.m.s.f.DefaultMavenResourcesFiltering - Copying 0 resource from src\main\resources to target\classes
2024-07-04 18:31:05,493 [Worker-29: Building] INFO  o.a.m.s.f.DefaultMavenResourcesFiltering - skip non existing resourceDirectory C:\Users\salka\OneDrive\Documents\excelr-resources\Hotel-booking-project\Hotel-booking-backend\hotel-booking\src\test\resources
2024-07-04 18:33:29,448 [Worker-36: Building] INFO  o.a.m.s.f.DefaultMavenResourcesFiltering - Copying 1 resource from src\main\resources to target\classes
2024-07-04 18:33:29,452 [Worker-36: Building] INFO  o.a.m.s.f.DefaultMavenResourcesFiltering - Copying 0 resource from src\main\resources to target\classes
2024-07-04 18:33:29,456 [Worker-36: Building] INFO  o.a.m.s.f.DefaultMavenResourcesFiltering - skip non existing resourceDirectory C:\Users\salka\OneDrive\Documents\excelr-resources\Hotel-booking-project\Hotel-booking-backend\hotel-booking\src\test\resources
2024-07-04 18:39:44,736 [Worker-40: Building] INFO  o.a.m.s.f.DefaultMavenResourcesFiltering - Copying 1 resource from src\main\resources to target\classes
2024-07-04 18:39:44,743 [Worker-40: Building] INFO  o.a.m.s.f.DefaultMavenResourcesFiltering - Copying 0 resource from src\main\resources to target\classes
2024-07-04 18:39:44,745 [Worker-40: Building] INFO  o.a.m.s.f.DefaultMavenResourcesFiltering - skip non existing resourceDirectory C:\Users\salka\OneDrive\Documents\excelr-resources\Hotel-booking-project\Hotel-booking-backend\hotel-booking\src\test\resources
2024-07-04 18:41:47,056 [Worker-43: Building] INFO  o.a.m.s.f.DefaultMavenResourcesFiltering - Copying 1 resource from src\main\resources to target\classes
2024-07-04 18:41:47,063 [Worker-43: Building] INFO  o.a.m.s.f.DefaultMavenResourcesFiltering - Copying 0 resource from src\main\resources to target\classes
2024-07-04 18:41:47,066 [Worker-43: Building] INFO  o.a.m.s.f.DefaultMavenResourcesFiltering - skip non existing resourceDirectory C:\Users\salka\OneDrive\Documents\excelr-resources\Hotel-booking-project\Hotel-booking-backend\hotel-booking\src\test\resources
2024-07-04 18:42:26,704 [Worker-43: Building] INFO  o.a.m.s.f.DefaultMavenResourcesFiltering - Copying 1 resource from src\main\resources to target\classes
2024-07-04 18:42:26,711 [Worker-43: Building] INFO  o.a.m.s.f.DefaultMavenResourcesFiltering - Copying 0 resource from src\main\resources to target\classes
2024-07-04 18:42:26,715 [Worker-43: Building] INFO  o.a.m.s.f.DefaultMavenResourcesFiltering - skip non existing resourceDirectory C:\Users\salka\OneDrive\Documents\excelr-resources\Hotel-booking-project\Hotel-booking-backend\hotel-booking\src\test\resources
2024-07-04 18:44:16,101 [Worker-44: Building] INFO  o.a.m.s.f.DefaultMavenResourcesFiltering - Copying 1 resource from src\main\resources to target\classes
2024-07-04 18:44:16,110 [Worker-44: Building] INFO  o.a.m.s.f.DefaultMavenResourcesFiltering - Copying 0 resource from src\main\resources to target\classes
2024-07-04 18:44:16,114 [Worker-44: Building] INFO  o.a.m.s.f.DefaultMavenResourcesFiltering - skip non existing resourceDirectory C:\Users\salka\OneDrive\Documents\excelr-resources\Hotel-booking-project\Hotel-booking-backend\hotel-booking\src\test\resources
2024-07-04 18:47:13,699 [Worker-49: Building] INFO  o.a.m.s.f.DefaultMavenResourcesFiltering - Copying 1 resource from src\main\resources to target\classes
2024-07-04 18:47:13,704 [Worker-49: Building] INFO  o.a.m.s.f.DefaultMavenResourcesFiltering - Copying 0 resource from src\main\resources to target\classes
2024-07-04 18:47:13,708 [Worker-49: Building] INFO  o.a.m.s.f.DefaultMavenResourcesFiltering - skip non existing resourceDirectory C:\Users\salka\OneDrive\Documents\excelr-resources\Hotel-booking-project\Hotel-booking-backend\hotel-booking\src\test\resources
2024-07-04 18:50:08,436 [Worker-49: Building] INFO  o.a.m.s.f.DefaultMavenResourcesFiltering - Copying 1 resource from src\main\resources to target\classes
2024-07-04 18:50:08,442 [Worker-49: Building] INFO  o.a.m.s.f.DefaultMavenResourcesFiltering - Copying 0 resource from src\main\resources to target\classes
2024-07-04 18:50:08,445 [Worker-49: Building] INFO  o.a.m.s.f.DefaultMavenResourcesFiltering - skip non existing resourceDirectory C:\Users\salka\OneDrive\Documents\excelr-resources\Hotel-booking-project\Hotel-booking-backend\hotel-booking\src\test\resources
2024-07-04 18:53:29,725 [Worker-55: Building] INFO  o.a.m.s.f.DefaultMavenResourcesFiltering - Copying 1 resource from src\main\resources to target\classes
2024-07-04 18:53:29,731 [Worker-55: Building] INFO  o.a.m.s.f.DefaultMavenResourcesFiltering - Copying 0 resource from src\main\resources to target\classes
2024-07-04 18:53:29,735 [Worker-55: Building] INFO  o.a.m.s.f.DefaultMavenResourcesFiltering - skip non existing resourceDirectory C:\Users\salka\OneDrive\Documents\excelr-resources\Hotel-booking-project\Hotel-booking-backend\hotel-booking\src\test\resources
2024-07-04 18:54:17,479 [Worker-48: Building] INFO  o.a.m.s.f.DefaultMavenResourcesFiltering - Copying 1 resource from src\main\resources to target\classes
2024-07-04 18:54:17,485 [Worker-48: Building] INFO  o.a.m.s.f.DefaultMavenResourcesFiltering - Copying 0 resource from src\main\resources to target\classes
2024-07-04 18:54:17,488 [Worker-48: Building] INFO  o.a.m.s.f.DefaultMavenResourcesFiltering - skip non existing resourceDirectory C:\Users\salka\OneDrive\Documents\excelr-resources\Hotel-booking-project\Hotel-booking-backend\hotel-booking\src\test\resources
2024-07-04 18:54:38,858 [Worker-48: Building] INFO  o.a.m.s.f.DefaultMavenResourcesFiltering - Copying 1 resource from src\main\resources to target\classes
2024-07-04 18:54:38,896 [Worker-48: Building] INFO  o.a.m.s.f.DefaultMavenResourcesFiltering - Copying 0 resource from src\main\resources to target\classes
2024-07-04 18:54:38,899 [Worker-48: Building] INFO  o.a.m.s.f.DefaultMavenResourcesFiltering - skip non existing resourceDirectory C:\Users\salka\OneDrive\Documents\excelr-resources\Hotel-booking-project\Hotel-booking-backend\hotel-booking\src\test\resources
2024-07-04 19:05:42,021 [Worker-60: Building] INFO  o.a.m.s.f.DefaultMavenResourcesFiltering - Copying 1 resource from src\main\resources to target\classes
2024-07-04 19:05:42,028 [Worker-60: Building] INFO  o.a.m.s.f.DefaultMavenResourcesFiltering - Copying 0 resource from src\main\resources to target\classes
2024-07-04 19:05:42,032 [Worker-60: Building] INFO  o.a.m.s.f.DefaultMavenResourcesFiltering - skip non existing resourceDirectory C:\Users\salka\OneDrive\Documents\excelr-resources\Hotel-booking-project\Hotel-booking-backend\hotel-booking\src\test\resources
2024-07-04 19:05:53,406 [Worker-60: Building] INFO  o.a.m.s.f.DefaultMavenResourcesFiltering - Copying 1 resource from src\main\resources to target\classes
2024-07-04 19:05:53,413 [Worker-60: Building] INFO  o.a.m.s.f.DefaultMavenResourcesFiltering - Copying 0 resource from src\main\resources to target\classes
2024-07-04 19:05:53,416 [Worker-60: Building] INFO  o.a.m.s.f.DefaultMavenResourcesFiltering - skip non existing resourceDirectory C:\Users\salka\OneDrive\Documents\excelr-resources\Hotel-booking-project\Hotel-booking-backend\hotel-booking\src\test\resources
2024-07-04 19:07:32,707 [Worker-56: Building] INFO  o.a.m.s.f.DefaultMavenResourcesFiltering - Copying 1 resource from src\main\resources to target\classes
2024-07-04 19:07:32,715 [Worker-56: Building] INFO  o.a.m.s.f.DefaultMavenResourcesFiltering - Copying 0 resource from src\main\resources to target\classes
2024-07-04 19:07:32,719 [Worker-56: Building] INFO  o.a.m.s.f.DefaultMavenResourcesFiltering - skip non existing resourceDirectory C:\Users\salka\OneDrive\Documents\excelr-resources\Hotel-booking-project\Hotel-booking-backend\hotel-booking\src\test\resources
2024-07-04 19:07:43,312 [Worker-59: Building] INFO  o.a.m.s.f.DefaultMavenResourcesFiltering - Copying 1 resource from src\main\resources to target\classes
2024-07-04 19:07:43,318 [Worker-59: Building] INFO  o.a.m.s.f.DefaultMavenResourcesFiltering - Copying 0 resource from src\main\resources to target\classes
2024-07-04 19:07:43,321 [Worker-59: Building] INFO  o.a.m.s.f.DefaultMavenResourcesFiltering - skip non existing resourceDirectory C:\Users\salka\OneDrive\Documents\excelr-resources\Hotel-booking-project\Hotel-booking-backend\hotel-booking\src\test\resources
2024-07-04 19:08:12,836 [Worker-59: Building] INFO  o.a.m.s.f.DefaultMavenResourcesFiltering - Copying 1 resource from src\main\resources to target\classes
2024-07-04 19:08:12,841 [Worker-59: Building] INFO  o.a.m.s.f.DefaultMavenResourcesFiltering - Copying 0 resource from src\main\resources to target\classes
2024-07-04 19:08:12,844 [Worker-59: Building] INFO  o.a.m.s.f.DefaultMavenResourcesFiltering - skip non existing resourceDirectory C:\Users\salka\OneDrive\Documents\excelr-resources\Hotel-booking-project\Hotel-booking-backend\hotel-booking\src\test\resources
2024-07-04 19:08:40,962 [Worker-58: Building] INFO  o.a.m.s.f.DefaultMavenResourcesFiltering - Copying 1 resource from src\main\resources to target\classes
2024-07-04 19:08:40,969 [Worker-58: Building] INFO  o.a.m.s.f.DefaultMavenResourcesFiltering - Copying 0 resource from src\main\resources to target\classes
2024-07-04 19:08:40,972 [Worker-58: Building] INFO  o.a.m.s.f.DefaultMavenResourcesFiltering - skip non existing resourceDirectory C:\Users\salka\OneDrive\Documents\excelr-resources\Hotel-booking-project\Hotel-booking-backend\hotel-booking\src\test\resources
2024-07-04 19:08:59,522 [Worker-56: Building] INFO  o.a.m.s.f.DefaultMavenResourcesFiltering - Copying 1 resource from src\main\resources to target\classes
2024-07-04 19:08:59,528 [Worker-56: Building] INFO  o.a.m.s.f.DefaultMavenResourcesFiltering - Copying 0 resource from src\main\resources to target\classes
2024-07-04 19:08:59,531 [Worker-56: Building] INFO  o.a.m.s.f.DefaultMavenResourcesFiltering - skip non existing resourceDirectory C:\Users\salka\OneDrive\Documents\excelr-resources\Hotel-booking-project\Hotel-booking-backend\hotel-booking\src\test\resources
2024-07-04 19:09:52,303 [Worker-60: Building] INFO  o.a.m.s.f.DefaultMavenResourcesFiltering - Copying 1 resource from src\main\resources to target\classes
2024-07-04 19:09:52,309 [Worker-60: Building] INFO  o.a.m.s.f.DefaultMavenResourcesFiltering - Copying 0 resource from src\main\resources to target\classes
2024-07-04 19:09:52,312 [Worker-60: Building] INFO  o.a.m.s.f.DefaultMavenResourcesFiltering - skip non existing resourceDirectory C:\Users\salka\OneDrive\Documents\excelr-resources\Hotel-booking-project\Hotel-booking-backend\hotel-booking\src\test\resources
2024-07-04 19:30:08,675 [Worker-67: Building] INFO  o.a.m.s.f.DefaultMavenResourcesFiltering - Copying 1 resource from src\main\resources to target\classes
2024-07-04 19:30:08,685 [Worker-67: Building] INFO  o.a.m.s.f.DefaultMavenResourcesFiltering - Copying 0 resource from src\main\resources to target\classes
2024-07-04 19:30:08,688 [Worker-67: Building] INFO  o.a.m.s.f.DefaultMavenResourcesFiltering - skip non existing resourceDirectory C:\Users\salka\OneDrive\Documents\excelr-resources\Hotel-booking-project\Hotel-booking-backend\hotel-booking\src\test\resources
2024-07-04 19:30:22,888 [Worker-67: Building] INFO  o.a.m.s.f.DefaultMavenResourcesFiltering - Copying 1 resource from src\main\resources to target\classes
2024-07-04 19:30:22,893 [Worker-67: Building] INFO  o.a.m.s.f.DefaultMavenResourcesFiltering - Copying 0 resource from src\main\resources to target\classes
2024-07-04 19:30:22,896 [Worker-67: Building] INFO  o.a.m.s.f.DefaultMavenResourcesFiltering - skip non existing resourceDirectory C:\Users\salka\OneDrive\Documents\excelr-resources\Hotel-booking-project\Hotel-booking-backend\hotel-booking\src\test\resources
2024-07-04 19:35:08,099 [Worker-69: Building] INFO  o.a.m.s.f.DefaultMavenResourcesFiltering - Copying 1 resource from src\main\resources to target\classes
2024-07-04 19:35:08,106 [Worker-69: Building] INFO  o.a.m.s.f.DefaultMavenResourcesFiltering - Copying 0 resource from src\main\resources to target\classes
2024-07-04 19:35:08,109 [Worker-69: Building] INFO  o.a.m.s.f.DefaultMavenResourcesFiltering - skip non existing resourceDirectory C:\Users\salka\OneDrive\Documents\excelr-resources\Hotel-booking-project\Hotel-booking-backend\hotel-booking\src\test\resources
2024-07-04 19:35:35,324 [Worker-68: Building] INFO  o.a.m.s.f.DefaultMavenResourcesFiltering - Copying 1 resource from src\main\resources to target\classes
2024-07-04 19:35:35,331 [Worker-68: Building] INFO  o.a.m.s.f.DefaultMavenResourcesFiltering - Copying 0 resource from src\main\resources to target\classes
2024-07-04 19:35:35,333 [Worker-68: Building] INFO  o.a.m.s.f.DefaultMavenResourcesFiltering - skip non existing resourceDirectory C:\Users\salka\OneDrive\Documents\excelr-resources\Hotel-booking-project\Hotel-booking-backend\hotel-booking\src\test\resources
2024-07-04 19:37:00,676 [Worker-72: Building] INFO  o.a.m.s.f.DefaultMavenResourcesFiltering - Copying 1 resource from src\main\resources to target\classes
2024-07-04 19:37:00,682 [Worker-72: Building] INFO  o.a.m.s.f.DefaultMavenResourcesFiltering - Copying 0 resource from src\main\resources to target\classes
2024-07-04 19:37:00,684 [Worker-72: Building] INFO  o.a.m.s.f.DefaultMavenResourcesFiltering - skip non existing resourceDirectory C:\Users\salka\OneDrive\Documents\excelr-resources\Hotel-booking-project\Hotel-booking-backend\hotel-booking\src\test\resources
2024-07-04 19:37:20,240 [Worker-71: Building] INFO  o.a.m.s.f.DefaultMavenResourcesFiltering - Copying 1 resource from src\main\resources to target\classes
2024-07-04 19:37:20,248 [Worker-71: Building] INFO  o.a.m.s.f.DefaultMavenResourcesFiltering - Copying 0 resource from src\main\resources to target\classes
2024-07-04 19:37:20,251 [Worker-71: Building] INFO  o.a.m.s.f.DefaultMavenResourcesFiltering - skip non existing resourceDirectory C:\Users\salka\OneDrive\Documents\excelr-resources\Hotel-booking-project\Hotel-booking-backend\hotel-booking\src\test\resources
2024-07-04 19:41:54,960 [Worker-71: Building] INFO  o.a.m.s.f.DefaultMavenResourcesFiltering - Copying 1 resource from src\main\resources to target\classes
2024-07-04 19:41:54,967 [Worker-71: Building] INFO  o.a.m.s.f.DefaultMavenResourcesFiltering - Copying 0 resource from src\main\resources to target\classes
2024-07-04 19:41:54,969 [Worker-71: Building] INFO  o.a.m.s.f.DefaultMavenResourcesFiltering - skip non existing resourceDirectory C:\Users\salka\OneDrive\Documents\excelr-resources\Hotel-booking-project\Hotel-booking-backend\hotel-booking\src\test\resources
2024-07-04 19:43:08,313 [Worker-71: Building] INFO  o.a.m.s.f.DefaultMavenResourcesFiltering - Copying 1 resource from src\main\resources to target\classes
2024-07-04 19:43:08,319 [Worker-71: Building] INFO  o.a.m.s.f.DefaultMavenResourcesFiltering - Copying 0 resource from src\main\resources to target\classes
2024-07-04 19:43:08,322 [Worker-71: Building] INFO  o.a.m.s.f.DefaultMavenResourcesFiltering - skip non existing resourceDirectory C:\Users\salka\OneDrive\Documents\excelr-resources\Hotel-booking-project\Hotel-booking-backend\hotel-booking\src\test\resources
2024-07-04 19:43:16,852 [Worker-73: Building] INFO  o.a.m.s.f.DefaultMavenResourcesFiltering - Copying 1 resource from src\main\resources to target\classes
2024-07-04 19:43:16,852 [Worker-73: Building] INFO  o.a.m.s.f.DefaultMavenResourcesFiltering - Copying 0 resource from src\main\resources to target\classes
2024-07-04 19:43:16,852 [Worker-73: Building] INFO  o.a.m.s.f.DefaultMavenResourcesFiltering - skip non existing resourceDirectory C:\Users\salka\OneDrive\Documents\excelr-resources\Hotel-booking-project\Hotel-booking-backend\hotel-booking\src\test\resources
2024-07-04 19:46:10,075 [Worker-76: Building] INFO  o.a.m.s.f.DefaultMavenResourcesFiltering - Copying 1 resource from src\main\resources to target\classes
2024-07-04 19:46:10,081 [Worker-76: Building] INFO  o.a.m.s.f.DefaultMavenResourcesFiltering - Copying 0 resource from src\main\resources to target\classes
2024-07-04 19:46:10,085 [Worker-76: Building] INFO  o.a.m.s.f.DefaultMavenResourcesFiltering - skip non existing resourceDirectory C:\Users\salka\OneDrive\Documents\excelr-resources\Hotel-booking-project\Hotel-booking-backend\hotel-booking\src\test\resources
2024-07-05 12:51:47,360 [Worker-2: Loading available Gradle versions] INFO  o.e.b.c.i.u.g.PublishedGradleVersions - Gradle version information cache is out-of-date. Trying to update.
2024-07-05 15:13:39,867 [Worker-22: Building] INFO  o.a.m.s.f.DefaultMavenResourcesFiltering - Copying 1 resource from src\main\resources to target\classes
2024-07-05 15:13:39,942 [Worker-22: Building] INFO  o.a.m.s.f.DefaultMavenResourcesFiltering - Copying 0 resource from src\main\resources to target\classes
2024-07-05 15:13:39,960 [Worker-22: Building] INFO  o.a.m.s.f.DefaultMavenResourcesFiltering - skip non existing resourceDirectory C:\Users\salka\OneDrive\Documents\excelr-resources\Hotel-booking-project\Hotel-booking-backend\hotel-booking\src\test\resources
2024-07-05 15:14:09,725 [Worker-24: Building] INFO  o.a.m.s.f.DefaultMavenResourcesFiltering - Copying 1 resource from src\main\resources to target\classes
2024-07-05 15:14:09,732 [Worker-24: Building] INFO  o.a.m.s.f.DefaultMavenResourcesFiltering - Copying 0 resource from src\main\resources to target\classes
2024-07-05 15:14:09,737 [Worker-24: Building] INFO  o.a.m.s.f.DefaultMavenResourcesFiltering - skip non existing resourceDirectory C:\Users\salka\OneDrive\Documents\excelr-resources\Hotel-booking-project\Hotel-booking-backend\hotel-booking\src\test\resources
2024-07-05 15:32:09,312 [Worker-28: Building] INFO  o.a.m.s.f.DefaultMavenResourcesFiltering - Copying 1 resource from src\main\resources to target\classes
2024-07-05 15:32:09,325 [Worker-28: Building] INFO  o.a.m.s.f.DefaultMavenResourcesFiltering - Copying 0 resource from src\main\resources to target\classes
2024-07-05 15:32:09,332 [Worker-28: Building] INFO  o.a.m.s.f.DefaultMavenResourcesFiltering - skip non existing resourceDirectory C:\Users\salka\OneDrive\Documents\excelr-resources\Hotel-booking-project\Hotel-booking-backend\hotel-booking\src\test\resources
2024-07-05 15:32:38,741 [Worker-28: Building] INFO  o.a.m.s.f.DefaultMavenResourcesFiltering - Copying 1 resource from src\main\resources to target\classes
2024-07-05 15:32:38,755 [Worker-28: Building] INFO  o.a.m.s.f.DefaultMavenResourcesFiltering - Copying 0 resource from src\main\resources to target\classes
2024-07-05 15:32:38,761 [Worker-28: Building] INFO  o.a.m.s.f.DefaultMavenResourcesFiltering - skip non existing resourceDirectory C:\Users\salka\OneDrive\Documents\excelr-resources\Hotel-booking-project\Hotel-booking-backend\hotel-booking\src\test\resources
2024-07-05 15:32:42,282 [Worker-30: Building] INFO  o.a.m.s.f.DefaultMavenResourcesFiltering - Copying 1 resource from src\main\resources to target\classes
2024-07-05 15:32:42,295 [Worker-30: Building] INFO  o.a.m.s.f.DefaultMavenResourcesFiltering - Copying 0 resource from src\main\resources to target\classes
2024-07-05 15:32:42,301 [Worker-30: Building] INFO  o.a.m.s.f.DefaultMavenResourcesFiltering - skip non existing resourceDirectory C:\Users\salka\OneDrive\Documents\excelr-resources\Hotel-booking-project\Hotel-booking-backend\hotel-booking\src\test\resources
2024-07-05 15:32:45,717 [Worker-29: Building] INFO  o.a.m.s.f.DefaultMavenResourcesFiltering - Copying 1 resource from src\main\resources to target\classes
2024-07-05 15:32:45,727 [Worker-29: Building] INFO  o.a.m.s.f.DefaultMavenResourcesFiltering - Copying 0 resource from src\main\resources to target\classes
2024-07-05 15:32:45,732 [Worker-29: Building] INFO  o.a.m.s.f.DefaultMavenResourcesFiltering - skip non existing resourceDirectory C:\Users\salka\OneDrive\Documents\excelr-resources\Hotel-booking-project\Hotel-booking-backend\hotel-booking\src\test\resources
2024-07-05 15:33:31,702 [Worker-28: Building] INFO  o.a.m.s.f.DefaultMavenResourcesFiltering - Copying 1 resource from src\main\resources to target\classes
2024-07-05 15:33:31,725 [Worker-28: Building] INFO  o.a.m.s.f.DefaultMavenResourcesFiltering - Copying 0 resource from src\main\resources to target\classes
2024-07-05 15:33:31,734 [Worker-28: Building] INFO  o.a.m.s.f.DefaultMavenResourcesFiltering - skip non existing resourceDirectory C:\Users\salka\OneDrive\Documents\excelr-resources\Hotel-booking-project\Hotel-booking-backend\hotel-booking\src\test\resources
2024-07-05 15:33:59,212 [Worker-29: Building] INFO  o.a.m.s.f.DefaultMavenResourcesFiltering - Copying 1 resource from src\main\resources to target\classes
2024-07-05 15:33:59,223 [Worker-29: Building] INFO  o.a.m.s.f.DefaultMavenResourcesFiltering - Copying 0 resource from src\main\resources to target\classes
2024-07-05 15:33:59,231 [Worker-29: Building] INFO  o.a.m.s.f.DefaultMavenResourcesFiltering - skip non existing resourceDirectory C:\Users\salka\OneDrive\Documents\excelr-resources\Hotel-booking-project\Hotel-booking-backend\hotel-booking\src\test\resources
2024-07-05 15:36:55,858 [Worker-30: Building] INFO  o.a.m.s.f.DefaultMavenResourcesFiltering - Copying 1 resource from src\main\resources to target\classes
2024-07-05 15:36:55,869 [Worker-30: Building] INFO  o.a.m.s.f.DefaultMavenResourcesFiltering - Copying 0 resource from src\main\resources to target\classes
2024-07-05 15:36:55,875 [Worker-30: Building] INFO  o.a.m.s.f.DefaultMavenResourcesFiltering - skip non existing resourceDirectory C:\Users\salka\OneDrive\Documents\excelr-resources\Hotel-booking-project\Hotel-booking-backend\hotel-booking\src\test\resources
2024-07-05 15:37:06,846 [Worker-31: Building] INFO  o.a.m.s.f.DefaultMavenResourcesFiltering - Copying 1 resource from src\main\resources to target\classes
2024-07-05 15:37:06,856 [Worker-31: Building] INFO  o.a.m.s.f.DefaultMavenResourcesFiltering - Copying 0 resource from src\main\resources to target\classes
2024-07-05 15:37:06,861 [Worker-31: Building] INFO  o.a.m.s.f.DefaultMavenResourcesFiltering - skip non existing resourceDirectory C:\Users\salka\OneDrive\Documents\excelr-resources\Hotel-booking-project\Hotel-booking-backend\hotel-booking\src\test\resources
2024-07-05 15:39:42,822 [Worker-35: Building] INFO  o.a.m.s.f.DefaultMavenResourcesFiltering - Copying 1 resource from src\main\resources to target\classes
2024-07-05 15:39:42,836 [Worker-35: Building] INFO  o.a.m.s.f.DefaultMavenResourcesFiltering - Copying 0 resource from src\main\resources to target\classes
2024-07-05 15:39:42,843 [Worker-35: Building] INFO  o.a.m.s.f.DefaultMavenResourcesFiltering - skip non existing resourceDirectory C:\Users\salka\OneDrive\Documents\excelr-resources\Hotel-booking-project\Hotel-booking-backend\hotel-booking\src\test\resources
2024-07-05 15:44:53,611 [Worker-34: Building] INFO  o.a.m.s.f.DefaultMavenResourcesFiltering - Copying 1 resource from src\main\resources to target\classes
2024-07-05 15:44:53,621 [Worker-34: Building] INFO  o.a.m.s.f.DefaultMavenResourcesFiltering - Copying 0 resource from src\main\resources to target\classes
2024-07-05 15:44:53,625 [Worker-34: Building] INFO  o.a.m.s.f.DefaultMavenResourcesFiltering - skip non existing resourceDirectory C:\Users\salka\OneDrive\Documents\excelr-resources\Hotel-booking-project\Hotel-booking-backend\hotel-booking\src\test\resources
2024-07-05 20:40:35,905 [Worker-4: Loading available Gradle versions] INFO  o.e.b.c.i.u.g.PublishedGradleVersions - Gradle version information cache is up-to-date. Trying to read.
2024-07-07 13:30:19,199 [Worker-7: Loading available Gradle versions] INFO  o.e.b.c.i.u.g.PublishedGradleVersions - Gradle version information cache is out-of-date. Trying to update.
2024-07-07 19:25:42,538 [Worker-4: Loading available Gradle versions] INFO  o.e.b.c.i.u.g.PublishedGradleVersions - Gradle version information cache is up-to-date. Trying to read.
2024-07-07 19:29:21,832 [Worker-19: Building] INFO  o.a.m.s.f.DefaultMavenResourcesFiltering - Copying 1 resource from src\main\resources to target\classes
2024-07-07 19:29:21,870 [Worker-19: Building] INFO  o.a.m.s.f.DefaultMavenResourcesFiltering - Copying 0 resource from src\main\resources to target\classes
2024-07-07 19:29:21,877 [Worker-19: Building] INFO  o.a.m.s.f.DefaultMavenResourcesFiltering - skip non existing resourceDirectory C:\Users\salka\OneDrive\Documents\excelr-resources\Hotel-booking-project\Hotel-booking-backend\hotel-booking\src\test\resources
2024-07-07 19:29:37,489 [Worker-9: Building] INFO  o.a.m.s.f.DefaultMavenResourcesFiltering - Copying 1 resource from src\main\resources to target\classes
2024-07-07 19:29:37,501 [Worker-9: Building] INFO  o.a.m.s.f.DefaultMavenResourcesFiltering - Copying 0 resource from src\main\resources to target\classes
2024-07-07 19:29:37,521 [Worker-9: Building] INFO  o.a.m.s.f.DefaultMavenResourcesFiltering - skip non existing resourceDirectory C:\Users\salka\OneDrive\Documents\excelr-resources\Hotel-booking-project\Hotel-booking-backend\hotel-booking\src\test\resources
2024-07-07 19:29:46,773 [Worker-9: Building] INFO  o.a.m.s.f.DefaultMavenResourcesFiltering - Copying 1 resource from src\main\resources to target\classes
2024-07-07 19:29:46,785 [Worker-9: Building] INFO  o.a.m.s.f.DefaultMavenResourcesFiltering - Copying 0 resource from src\main\resources to target\classes
2024-07-07 19:29:46,791 [Worker-9: Building] INFO  o.a.m.s.f.DefaultMavenResourcesFiltering - skip non existing resourceDirectory C:\Users\salka\OneDrive\Documents\excelr-resources\Hotel-booking-project\Hotel-booking-backend\hotel-booking\src\test\resources
2024-07-07 19:29:53,802 [Worker-17: Building] INFO  o.a.m.s.f.DefaultMavenResourcesFiltering - Copying 1 resource from src\main\resources to target\classes
2024-07-07 19:29:53,810 [Worker-17: Building] INFO  o.a.m.s.f.DefaultMavenResourcesFiltering - Copying 0 resource from src\main\resources to target\classes
2024-07-07 19:29:53,815 [Worker-17: Building] INFO  o.a.m.s.f.DefaultMavenResourcesFiltering - skip non existing resourceDirectory C:\Users\salka\OneDrive\Documents\excelr-resources\Hotel-booking-project\Hotel-booking-backend\hotel-booking\src\test\resources
2024-07-07 19:30:36,082 [Worker-9: Building] INFO  o.a.m.s.f.DefaultMavenResourcesFiltering - Copying 1 resource from src\main\resources to target\classes
2024-07-07 19:30:36,091 [Worker-9: Building] INFO  o.a.m.s.f.DefaultMavenResourcesFiltering - Copying 0 resource from src\main\resources to target\classes
2024-07-07 19:30:36,096 [Worker-9: Building] INFO  o.a.m.s.f.DefaultMavenResourcesFiltering - skip non existing resourceDirectory C:\Users\salka\OneDrive\Documents\excelr-resources\Hotel-booking-project\Hotel-booking-backend\hotel-booking\src\test\resources
2024-07-07 19:30:49,767 [Worker-4: Building] INFO  o.a.m.s.f.DefaultMavenResourcesFiltering - Copying 1 resource from src\main\resources to target\classes
2024-07-07 19:30:49,775 [Worker-4: Building] INFO  o.a.m.s.f.DefaultMavenResourcesFiltering - Copying 0 resource from src\main\resources to target\classes
2024-07-07 19:30:49,780 [Worker-4: Building] INFO  o.a.m.s.f.DefaultMavenResourcesFiltering - skip non existing resourceDirectory C:\Users\salka\OneDrive\Documents\excelr-resources\Hotel-booking-project\Hotel-booking-backend\hotel-booking\src\test\resources
2024-07-07 19:31:05,429 [Worker-21: Building] INFO  o.a.m.s.f.DefaultMavenResourcesFiltering - Copying 1 resource from src\main\resources to target\classes
2024-07-07 19:31:05,436 [Worker-21: Building] INFO  o.a.m.s.f.DefaultMavenResourcesFiltering - Copying 0 resource from src\main\resources to target\classes
2024-07-07 19:31:05,439 [Worker-21: Building] INFO  o.a.m.s.f.DefaultMavenResourcesFiltering - skip non existing resourceDirectory C:\Users\salka\OneDrive\Documents\excelr-resources\Hotel-booking-project\Hotel-booking-backend\hotel-booking\src\test\resources
2024-07-07 19:31:28,846 [Worker-19: Building] INFO  o.a.m.s.f.DefaultMavenResourcesFiltering - Copying 1 resource from src\main\resources to target\classes
2024-07-07 19:31:28,854 [Worker-19: Building] INFO  o.a.m.s.f.DefaultMavenResourcesFiltering - Copying 0 resource from src\main\resources to target\classes
2024-07-07 19:31:28,861 [Worker-19: Building] INFO  o.a.m.s.f.DefaultMavenResourcesFiltering - skip non existing resourceDirectory C:\Users\salka\OneDrive\Documents\excelr-resources\Hotel-booking-project\Hotel-booking-backend\hotel-booking\src\test\resources
2024-07-07 19:31:39,008 [Worker-17: Building] INFO  o.a.m.s.f.DefaultMavenResourcesFiltering - Copying 1 resource from src\main\resources to target\classes
2024-07-07 19:31:39,015 [Worker-17: Building] INFO  o.a.m.s.f.DefaultMavenResourcesFiltering - Copying 0 resource from src\main\resources to target\classes
2024-07-07 19:31:39,019 [Worker-17: Building] INFO  o.a.m.s.f.DefaultMavenResourcesFiltering - skip non existing resourceDirectory C:\Users\salka\OneDrive\Documents\excelr-resources\Hotel-booking-project\Hotel-booking-backend\hotel-booking\src\test\resources
2024-07-07 19:31:52,977 [Worker-21: Building] INFO  o.a.m.s.f.DefaultMavenResourcesFiltering - Copying 1 resource from src\main\resources to target\classes
2024-07-07 19:31:52,985 [Worker-21: Building] INFO  o.a.m.s.f.DefaultMavenResourcesFiltering - Copying 0 resource from src\main\resources to target\classes
2024-07-07 19:31:52,989 [Worker-21: Building] INFO  o.a.m.s.f.DefaultMavenResourcesFiltering - skip non existing resourceDirectory C:\Users\salka\OneDrive\Documents\excelr-resources\Hotel-booking-project\Hotel-booking-backend\hotel-booking\src\test\resources
2024-07-07 19:32:20,566 [Worker-4: Building] INFO  o.a.m.s.f.DefaultMavenResourcesFiltering - Copying 1 resource from src\main\resources to target\classes
2024-07-07 19:32:20,572 [Worker-4: Building] INFO  o.a.m.s.f.DefaultMavenResourcesFiltering - Copying 0 resource from src\main\resources to target\classes
2024-07-07 19:32:20,575 [Worker-4: Building] INFO  o.a.m.s.f.DefaultMavenResourcesFiltering - skip non existing resourceDirectory C:\Users\salka\OneDrive\Documents\excelr-resources\Hotel-booking-project\Hotel-booking-backend\hotel-booking\src\test\resources
2024-07-07 19:32:43,940 [Worker-21: Building] INFO  o.a.m.s.f.DefaultMavenResourcesFiltering - Copying 1 resource from src\main\resources to target\classes
2024-07-07 19:32:43,947 [Worker-21: Building] INFO  o.a.m.s.f.DefaultMavenResourcesFiltering - Copying 0 resource from src\main\resources to target\classes
2024-07-07 19:32:43,951 [Worker-21: Building] INFO  o.a.m.s.f.DefaultMavenResourcesFiltering - skip non existing resourceDirectory C:\Users\salka\OneDrive\Documents\excelr-resources\Hotel-booking-project\Hotel-booking-backend\hotel-booking\src\test\resources
2024-07-07 19:32:55,403 [Worker-21: Building] INFO  o.a.m.s.f.DefaultMavenResourcesFiltering - Copying 1 resource from src\main\resources to target\classes
2024-07-07 19:32:55,411 [Worker-21: Building] INFO  o.a.m.s.f.DefaultMavenResourcesFiltering - Copying 0 resource from src\main\resources to target\classes
2024-07-07 19:32:55,415 [Worker-21: Building] INFO  o.a.m.s.f.DefaultMavenResourcesFiltering - skip non existing resourceDirectory C:\Users\salka\OneDrive\Documents\excelr-resources\Hotel-booking-project\Hotel-booking-backend\hotel-booking\src\test\resources
2024-07-07 19:33:05,688 [Worker-4: Building] INFO  o.a.m.s.f.DefaultMavenResourcesFiltering - Copying 1 resource from src\main\resources to target\classes
2024-07-07 19:33:05,695 [Worker-4: Building] INFO  o.a.m.s.f.DefaultMavenResourcesFiltering - Copying 0 resource from src\main\resources to target\classes
2024-07-07 19:33:05,699 [Worker-4: Building] INFO  o.a.m.s.f.DefaultMavenResourcesFiltering - skip non existing resourceDirectory C:\Users\salka\OneDrive\Documents\excelr-resources\Hotel-booking-project\Hotel-booking-backend\hotel-booking\src\test\resources
2024-07-07 19:33:10,060 [Worker-9: Building] INFO  o.a.m.s.f.DefaultMavenResourcesFiltering - Copying 1 resource from src\main\resources to target\classes
2024-07-07 19:33:10,079 [Worker-9: Building] INFO  o.a.m.s.f.DefaultMavenResourcesFiltering - Copying 0 resource from src\main\resources to target\classes
2024-07-07 19:33:10,083 [Worker-9: Building] INFO  o.a.m.s.f.DefaultMavenResourcesFiltering - skip non existing resourceDirectory C:\Users\salka\OneDrive\Documents\excelr-resources\Hotel-booking-project\Hotel-booking-backend\hotel-booking\src\test\resources
2024-07-07 19:33:38,896 [Worker-20: Building] INFO  o.a.m.s.f.DefaultMavenResourcesFiltering - Copying 1 resource from src\main\resources to target\classes
2024-07-07 19:33:38,904 [Worker-20: Building] INFO  o.a.m.s.f.DefaultMavenResourcesFiltering - Copying 0 resource from src\main\resources to target\classes
2024-07-07 19:33:38,909 [Worker-20: Building] INFO  o.a.m.s.f.DefaultMavenResourcesFiltering - skip non existing resourceDirectory C:\Users\salka\OneDrive\Documents\excelr-resources\Hotel-booking-project\Hotel-booking-backend\hotel-booking\src\test\resources
2024-07-07 19:34:19,391 [Worker-4: Building] INFO  o.a.m.s.f.DefaultMavenResourcesFiltering - Copying 1 resource from src\main\resources to target\classes
2024-07-07 19:34:19,399 [Worker-4: Building] INFO  o.a.m.s.f.DefaultMavenResourcesFiltering - Copying 0 resource from src\main\resources to target\classes
2024-07-07 19:34:19,403 [Worker-4: Building] INFO  o.a.m.s.f.DefaultMavenResourcesFiltering - skip non existing resourceDirectory C:\Users\salka\OneDrive\Documents\excelr-resources\Hotel-booking-project\Hotel-booking-backend\hotel-booking\src\test\resources
2024-07-07 19:35:19,921 [Worker-20: Building] INFO  o.a.m.s.f.DefaultMavenResourcesFiltering - Copying 1 resource from src\main\resources to target\classes
2024-07-07 19:35:19,928 [Worker-20: Building] INFO  o.a.m.s.f.DefaultMavenResourcesFiltering - Copying 0 resource from src\main\resources to target\classes
2024-07-07 19:35:19,931 [Worker-20: Building] INFO  o.a.m.s.f.DefaultMavenResourcesFiltering - skip non existing resourceDirectory C:\Users\salka\OneDrive\Documents\excelr-resources\Hotel-booking-project\Hotel-booking-backend\hotel-booking\src\test\resources
2024-07-07 19:35:52,311 [Worker-19: Building] INFO  o.a.m.s.f.DefaultMavenResourcesFiltering - Copying 1 resource from src\main\resources to target\classes
2024-07-07 19:35:52,317 [Worker-19: Building] INFO  o.a.m.s.f.DefaultMavenResourcesFiltering - Copying 0 resource from src\main\resources to target\classes
2024-07-07 19:35:52,319 [Worker-19: Building] INFO  o.a.m.s.f.DefaultMavenResourcesFiltering - skip non existing resourceDirectory C:\Users\salka\OneDrive\Documents\excelr-resources\Hotel-booking-project\Hotel-booking-backend\hotel-booking\src\test\resources
2024-07-07 19:35:58,561 [Worker-19: Building] INFO  o.a.m.s.f.DefaultMavenResourcesFiltering - Copying 1 resource from src\main\resources to target\classes
2024-07-07 19:35:58,567 [Worker-19: Building] INFO  o.a.m.s.f.DefaultMavenResourcesFiltering - Copying 0 resource from src\main\resources to target\classes
2024-07-07 19:35:58,569 [Worker-19: Building] INFO  o.a.m.s.f.DefaultMavenResourcesFiltering - skip non existing resourceDirectory C:\Users\salka\OneDrive\Documents\excelr-resources\Hotel-booking-project\Hotel-booking-backend\hotel-booking\src\test\resources
2024-07-07 19:37:30,592 [Worker-22: Building] INFO  o.a.m.s.f.DefaultMavenResourcesFiltering - Copying 1 resource from src\main\resources to target\classes
2024-07-07 19:37:30,598 [Worker-22: Building] INFO  o.a.m.s.f.DefaultMavenResourcesFiltering - Copying 0 resource from src\main\resources to target\classes
2024-07-07 19:37:30,600 [Worker-22: Building] INFO  o.a.m.s.f.DefaultMavenResourcesFiltering - skip non existing resourceDirectory C:\Users\salka\OneDrive\Documents\excelr-resources\Hotel-booking-project\Hotel-booking-backend\hotel-booking\src\test\resources
2024-07-07 19:39:43,109 [Worker-24: Building] INFO  o.a.m.s.f.DefaultMavenResourcesFiltering - Copying 1 resource from src\main\resources to target\classes
2024-07-07 19:39:43,115 [Worker-24: Building] INFO  o.a.m.s.f.DefaultMavenResourcesFiltering - Copying 0 resource from src\main\resources to target\classes
2024-07-07 19:39:43,119 [Worker-24: Building] INFO  o.a.m.s.f.DefaultMavenResourcesFiltering - skip non existing resourceDirectory C:\Users\salka\OneDrive\Documents\excelr-resources\Hotel-booking-project\Hotel-booking-backend\hotel-booking\src\test\resources
2024-07-07 19:41:27,938 [Worker-23: Building] INFO  o.a.m.s.f.DefaultMavenResourcesFiltering - Copying 1 resource from src\main\resources to target\classes
2024-07-07 19:41:27,944 [Worker-23: Building] INFO  o.a.m.s.f.DefaultMavenResourcesFiltering - Copying 0 resource from src\main\resources to target\classes
2024-07-07 19:41:27,947 [Worker-23: Building] INFO  o.a.m.s.f.DefaultMavenResourcesFiltering - skip non existing resourceDirectory C:\Users\salka\OneDrive\Documents\excelr-resources\Hotel-booking-project\Hotel-booking-backend\hotel-booking\src\test\resources
2024-07-07 19:42:42,159 [Worker-19: Building] INFO  o.a.m.s.f.DefaultMavenResourcesFiltering - Copying 1 resource from src\main\resources to target\classes
2024-07-07 19:42:42,197 [Worker-19: Building] INFO  o.a.m.s.f.DefaultMavenResourcesFiltering - Copying 0 resource from src\main\resources to target\classes
2024-07-07 19:42:42,200 [Worker-19: Building] INFO  o.a.m.s.f.DefaultMavenResourcesFiltering - skip non existing resourceDirectory C:\Users\salka\OneDrive\Documents\excelr-resources\Hotel-booking-project\Hotel-booking-backend\hotel-booking\src\test\resources
2024-07-07 19:42:55,265 [Worker-23: Building] INFO  o.a.m.s.f.DefaultMavenResourcesFiltering - Copying 1 resource from src\main\resources to target\classes
2024-07-07 19:42:55,273 [Worker-23: Building] INFO  o.a.m.s.f.DefaultMavenResourcesFiltering - Copying 0 resource from src\main\resources to target\classes
2024-07-07 19:42:55,277 [Worker-23: Building] INFO  o.a.m.s.f.DefaultMavenResourcesFiltering - skip non existing resourceDirectory C:\Users\salka\OneDrive\Documents\excelr-resources\Hotel-booking-project\Hotel-booking-backend\hotel-booking\src\test\resources
2024-07-07 19:43:53,506 [Worker-23: Building] INFO  o.a.m.s.f.DefaultMavenResourcesFiltering - Copying 1 resource from src\main\resources to target\classes
2024-07-07 19:43:53,512 [Worker-23: Building] INFO  o.a.m.s.f.DefaultMavenResourcesFiltering - Copying 0 resource from src\main\resources to target\classes
2024-07-07 19:43:53,515 [Worker-23: Building] INFO  o.a.m.s.f.DefaultMavenResourcesFiltering - skip non existing resourceDirectory C:\Users\salka\OneDrive\Documents\excelr-resources\Hotel-booking-project\Hotel-booking-backend\hotel-booking\src\test\resources
2024-07-07 19:44:24,762 [Worker-9: Building] INFO  o.a.m.s.f.DefaultMavenResourcesFiltering - Copying 1 resource from src\main\resources to target\classes
2024-07-07 19:44:24,769 [Worker-9: Building] INFO  o.a.m.s.f.DefaultMavenResourcesFiltering - Copying 0 resource from src\main\resources to target\classes
2024-07-07 19:44:24,772 [Worker-9: Building] INFO  o.a.m.s.f.DefaultMavenResourcesFiltering - skip non existing resourceDirectory C:\Users\salka\OneDrive\Documents\excelr-resources\Hotel-booking-project\Hotel-booking-backend\hotel-booking\src\test\resources
2024-07-07 19:44:46,364 [Worker-19: Building] INFO  o.a.m.s.f.DefaultMavenResourcesFiltering - Copying 1 resource from src\main\resources to target\classes
2024-07-07 19:44:46,370 [Worker-19: Building] INFO  o.a.m.s.f.DefaultMavenResourcesFiltering - Copying 0 resource from src\main\resources to target\classes
2024-07-07 19:44:46,374 [Worker-19: Building] INFO  o.a.m.s.f.DefaultMavenResourcesFiltering - skip non existing resourceDirectory C:\Users\salka\OneDrive\Documents\excelr-resources\Hotel-booking-project\Hotel-booking-backend\hotel-booking\src\test\resources
2024-07-07 20:08:00,542 [Worker-29: Building] INFO  o.a.m.s.f.DefaultMavenResourcesFiltering - Copying 1 resource from src\main\resources to target\classes
2024-07-07 20:08:00,549 [Worker-29: Building] INFO  o.a.m.s.f.DefaultMavenResourcesFiltering - Copying 0 resource from src\main\resources to target\classes
2024-07-07 20:08:00,551 [Worker-29: Building] INFO  o.a.m.s.f.DefaultMavenResourcesFiltering - skip non existing resourceDirectory C:\Users\salka\OneDrive\Documents\excelr-resources\Hotel-booking-project\Hotel-booking-backend\hotel-booking\src\test\resources
2024-07-07 20:13:15,397 [Worker-25: Building] INFO  o.a.m.s.f.DefaultMavenResourcesFiltering - Copying 1 resource from src\main\resources to target\classes
2024-07-07 20:13:15,403 [Worker-25: Building] INFO  o.a.m.s.f.DefaultMavenResourcesFiltering - Copying 0 resource from src\main\resources to target\classes
2024-07-07 20:13:15,407 [Worker-25: Building] INFO  o.a.m.s.f.DefaultMavenResourcesFiltering - skip non existing resourceDirectory C:\Users\salka\OneDrive\Documents\excelr-resources\Hotel-booking-project\Hotel-booking-backend\hotel-booking\src\test\resources
2024-07-07 20:13:58,403 [Worker-30: Building] INFO  o.a.m.s.f.DefaultMavenResourcesFiltering - Copying 1 resource from src\main\resources to target\classes
2024-07-07 20:13:58,409 [Worker-30: Building] INFO  o.a.m.s.f.DefaultMavenResourcesFiltering - Copying 0 resource from src\main\resources to target\classes
2024-07-07 20:13:58,411 [Worker-30: Building] INFO  o.a.m.s.f.DefaultMavenResourcesFiltering - skip non existing resourceDirectory C:\Users\salka\OneDrive\Documents\excelr-resources\Hotel-booking-project\Hotel-booking-backend\hotel-booking\src\test\resources
2024-07-07 20:22:00,062 [Worker-30: Building] INFO  o.a.m.s.f.DefaultMavenResourcesFiltering - Copying 1 resource from src\main\resources to target\classes
2024-07-07 20:22:00,068 [Worker-30: Building] INFO  o.a.m.s.f.DefaultMavenResourcesFiltering - Copying 0 resource from src\main\resources to target\classes
2024-07-07 20:22:00,071 [Worker-30: Building] INFO  o.a.m.s.f.DefaultMavenResourcesFiltering - skip non existing resourceDirectory C:\Users\salka\OneDrive\Documents\excelr-resources\Hotel-booking-project\Hotel-booking-backend\hotel-booking\src\test\resources
2024-07-07 20:23:37,861 [Worker-36: Building] INFO  o.a.m.s.f.DefaultMavenResourcesFiltering - Copying 1 resource from src\main\resources to target\classes
2024-07-07 20:23:37,866 [Worker-36: Building] INFO  o.a.m.s.f.DefaultMavenResourcesFiltering - Copying 0 resource from src\main\resources to target\classes
2024-07-07 20:23:37,869 [Worker-36: Building] INFO  o.a.m.s.f.DefaultMavenResourcesFiltering - skip non existing resourceDirectory C:\Users\salka\OneDrive\Documents\excelr-resources\Hotel-booking-project\Hotel-booking-backend\hotel-booking\src\test\resources
2024-07-07 20:24:10,154 [Worker-35: Building] INFO  o.a.m.s.f.DefaultMavenResourcesFiltering - Copying 1 resource from src\main\resources to target\classes
2024-07-07 20:24:10,161 [Worker-35: Building] INFO  o.a.m.s.f.DefaultMavenResourcesFiltering - Copying 0 resource from src\main\resources to target\classes
2024-07-07 20:24:10,164 [Worker-35: Building] INFO  o.a.m.s.f.DefaultMavenResourcesFiltering - skip non existing resourceDirectory C:\Users\salka\OneDrive\Documents\excelr-resources\Hotel-booking-project\Hotel-booking-backend\hotel-booking\src\test\resources
2024-07-07 20:25:18,203 [Worker-36: Building] INFO  o.a.m.s.f.DefaultMavenResourcesFiltering - Copying 1 resource from src\main\resources to target\classes
2024-07-07 20:25:18,209 [Worker-36: Building] INFO  o.a.m.s.f.DefaultMavenResourcesFiltering - Copying 0 resource from src\main\resources to target\classes
2024-07-07 20:25:18,212 [Worker-36: Building] INFO  o.a.m.s.f.DefaultMavenResourcesFiltering - skip non existing resourceDirectory C:\Users\salka\OneDrive\Documents\excelr-resources\Hotel-booking-project\Hotel-booking-backend\hotel-booking\src\test\resources
2024-07-07 20:25:28,729 [Worker-31: Building] INFO  o.a.m.s.f.DefaultMavenResourcesFiltering - Copying 1 resource from src\main\resources to target\classes
2024-07-07 20:25:28,735 [Worker-31: Building] INFO  o.a.m.s.f.DefaultMavenResourcesFiltering - Copying 0 resource from src\main\resources to target\classes
2024-07-07 20:25:28,737 [Worker-31: Building] INFO  o.a.m.s.f.DefaultMavenResourcesFiltering - skip non existing resourceDirectory C:\Users\salka\OneDrive\Documents\excelr-resources\Hotel-booking-project\Hotel-booking-backend\hotel-booking\src\test\resources
2024-07-07 20:25:44,485 [Worker-38: Building] INFO  o.a.m.s.f.DefaultMavenResourcesFiltering - Copying 1 resource from src\main\resources to target\classes
2024-07-07 20:25:44,490 [Worker-38: Building] INFO  o.a.m.s.f.DefaultMavenResourcesFiltering - Copying 0 resource from src\main\resources to target\classes
2024-07-07 20:25:44,494 [Worker-38: Building] INFO  o.a.m.s.f.DefaultMavenResourcesFiltering - skip non existing resourceDirectory C:\Users\salka\OneDrive\Documents\excelr-resources\Hotel-booking-project\Hotel-booking-backend\hotel-booking\src\test\resources
2024-07-07 20:29:55,918 [Worker-35: Building] INFO  o.a.m.s.f.DefaultMavenResourcesFiltering - Copying 1 resource from src\main\resources to target\classes
2024-07-07 20:29:55,924 [Worker-35: Building] INFO  o.a.m.s.f.DefaultMavenResourcesFiltering - Copying 0 resource from src\main\resources to target\classes
2024-07-07 20:29:55,926 [Worker-35: Building] INFO  o.a.m.s.f.DefaultMavenResourcesFiltering - skip non existing resourceDirectory C:\Users\salka\OneDrive\Documents\excelr-resources\Hotel-booking-project\Hotel-booking-backend\hotel-booking\src\test\resources
2024-07-07 20:30:11,941 [Worker-35: Building] INFO  o.a.m.s.f.DefaultMavenResourcesFiltering - Copying 1 resource from src\main\resources to target\classes
2024-07-07 20:30:11,947 [Worker-35: Building] INFO  o.a.m.s.f.DefaultMavenResourcesFiltering - Copying 0 resource from src\main\resources to target\classes
2024-07-07 20:30:11,950 [Worker-35: Building] INFO  o.a.m.s.f.DefaultMavenResourcesFiltering - skip non existing resourceDirectory C:\Users\salka\OneDrive\Documents\excelr-resources\Hotel-booking-project\Hotel-booking-backend\hotel-booking\src\test\resources
2024-07-07 20:30:49,964 [Worker-41: Building] INFO  o.a.m.s.f.DefaultMavenResourcesFiltering - Copying 1 resource from src\main\resources to target\classes
2024-07-07 20:30:49,972 [Worker-41: Building] INFO  o.a.m.s.f.DefaultMavenResourcesFiltering - Copying 0 resource from src\main\resources to target\classes
2024-07-07 20:30:49,975 [Worker-41: Building] INFO  o.a.m.s.f.DefaultMavenResourcesFiltering - skip non existing resourceDirectory C:\Users\salka\OneDrive\Documents\excelr-resources\Hotel-booking-project\Hotel-booking-backend\hotel-booking\src\test\resources
2024-07-07 20:31:04,048 [Worker-42: Building] INFO  o.a.m.s.f.DefaultMavenResourcesFiltering - Copying 1 resource from src\main\resources to target\classes
2024-07-07 20:31:04,056 [Worker-42: Building] INFO  o.a.m.s.f.DefaultMavenResourcesFiltering - Copying 0 resource from src\main\resources to target\classes
2024-07-07 20:31:04,059 [Worker-42: Building] INFO  o.a.m.s.f.DefaultMavenResourcesFiltering - skip non existing resourceDirectory C:\Users\salka\OneDrive\Documents\excelr-resources\Hotel-booking-project\Hotel-booking-backend\hotel-booking\src\test\resources
2024-07-07 20:33:13,475 [Worker-35: Building] INFO  o.a.m.s.f.DefaultMavenResourcesFiltering - Copying 1 resource from src\main\resources to target\classes
2024-07-07 20:33:13,481 [Worker-35: Building] INFO  o.a.m.s.f.DefaultMavenResourcesFiltering - Copying 0 resource from src\main\resources to target\classes
2024-07-07 20:33:13,484 [Worker-35: Building] INFO  o.a.m.s.f.DefaultMavenResourcesFiltering - skip non existing resourceDirectory C:\Users\salka\OneDrive\Documents\excelr-resources\Hotel-booking-project\Hotel-booking-backend\hotel-booking\src\test\resources
2024-07-07 20:35:38,056 [Worker-44: Building] INFO  o.a.m.s.f.DefaultMavenResourcesFiltering - Copying 1 resource from src\main\resources to target\classes
2024-07-07 20:35:38,062 [Worker-44: Building] INFO  o.a.m.s.f.DefaultMavenResourcesFiltering - Copying 0 resource from src\main\resources to target\classes
2024-07-07 20:35:38,065 [Worker-44: Building] INFO  o.a.m.s.f.DefaultMavenResourcesFiltering - skip non existing resourceDirectory C:\Users\salka\OneDrive\Documents\excelr-resources\Hotel-booking-project\Hotel-booking-backend\hotel-booking\src\test\resources
2024-07-07 20:39:07,984 [Worker-45: Building] INFO  o.a.m.s.f.DefaultMavenResourcesFiltering - Copying 1 resource from src\main\resources to target\classes
2024-07-07 20:39:07,993 [Worker-45: Building] INFO  o.a.m.s.f.DefaultMavenResourcesFiltering - Copying 0 resource from src\main\resources to target\classes
2024-07-07 20:39:07,995 [Worker-45: Building] INFO  o.a.m.s.f.DefaultMavenResourcesFiltering - skip non existing resourceDirectory C:\Users\salka\OneDrive\Documents\excelr-resources\Hotel-booking-project\Hotel-booking-backend\hotel-booking\src\test\resources
2024-07-07 20:52:16,216 [Worker-51: Building] INFO  o.a.m.s.f.DefaultMavenResourcesFiltering - Copying 1 resource from src\main\resources to target\classes
2024-07-07 20:52:16,226 [Worker-51: Building] INFO  o.a.m.s.f.DefaultMavenResourcesFiltering - Copying 0 resource from src\main\resources to target\classes
2024-07-07 20:52:16,229 [Worker-51: Building] INFO  o.a.m.s.f.DefaultMavenResourcesFiltering - skip non existing resourceDirectory C:\Users\salka\OneDrive\Documents\excelr-resources\Hotel-booking-project\Hotel-booking-backend\hotel-booking\src\test\resources
2024-07-07 20:52:19,473 [Worker-52: Building] INFO  o.a.m.s.f.DefaultMavenResourcesFiltering - Copying 1 resource from src\main\resources to target\classes
2024-07-07 20:52:19,478 [Worker-52: Building] INFO  o.a.m.s.f.DefaultMavenResourcesFiltering - Copying 0 resource from src\main\resources to target\classes
2024-07-07 20:52:19,480 [Worker-52: Building] INFO  o.a.m.s.f.DefaultMavenResourcesFiltering - skip non existing resourceDirectory C:\Users\salka\OneDrive\Documents\excelr-resources\Hotel-booking-project\Hotel-booking-backend\hotel-booking\src\test\resources
